Flow report for processador
Sun Mar 10 23:13:36 2019
Quartus II 64-Bit Version 13.0.1 Build 232 06/12/2013 Service Pack 1 SJ Web Edition


---------------------
; Table of Contents ;
---------------------
  1. Legal Notice
  2. Flow Summary
  3. Flow Settings
  4. Flow Non-Default Global Settings
  5. Flow Elapsed Time
  6. Flow OS Summary
  7. Flow Log
  8. Flow Messages
  9. Flow Suppressed Messages



----------------
; Legal Notice ;
----------------
Copyright (C) 1991-2013 Altera Corporation
Your use of Altera Corporation's design tools, logic functions 
and other software and tools, and its AMPP partner logic 
functions, and any output files from any of the foregoing 
(including device programming or simulation files), and any 
associated documentation or information are expressly subject 
to the terms and conditions of the Altera Program License 
Subscription Agreement, Altera MegaCore Function License 
Agreement, or other applicable license agreement, including, 
without limitation, that your use is for the sole purpose of 
programming logic devices manufactured by Altera and sold by 
Altera or its authorized distributors.  Please refer to the 
applicable agreement for further details.



+--------------------------------------------------------------------------------------+
; Flow Summary                                                                         ;
+------------------------------------+-------------------------------------------------+
; Flow Status                        ; Successful - Sun Mar 10 23:13:36 2019           ;
; Quartus II 64-Bit Version          ; 13.0.1 Build 232 06/12/2013 SP 1 SJ Web Edition ;
; Revision Name                      ; processador                                     ;
; Top-level Entity Name              ; processador                                     ;
; Family                             ; Cyclone II                                      ;
; Device                             ; EP2C35F672C6                                    ;
; Timing Models                      ; Final                                           ;
; Total logic elements               ; 111 / 33,216 ( < 1 % )                          ;
;     Total combinational functions  ; 100 / 33,216 ( < 1 % )                          ;
;     Dedicated logic registers      ; 33 / 33,216 ( < 1 % )                           ;
; Total registers                    ; 33                                              ;
; Total pins                         ; 111 / 475 ( 23 % )                              ;
; Total virtual pins                 ; 0                                               ;
; Total memory bits                  ; 8,704 / 483,840 ( 2 % )                         ;
; Embedded Multiplier 9-bit elements ; 0 / 70 ( 0 % )                                  ;
; Total PLLs                         ; 0 / 4 ( 0 % )                                   ;
+------------------------------------+-------------------------------------------------+


+-----------------------------------------+
; Flow Settings                           ;
+-------------------+---------------------+
; Option            ; Setting             ;
+-------------------+---------------------+
; Start date & time ; 03/10/2019 23:13:15 ;
; Main task         ; Compilation         ;
; Revision Name     ; processador         ;
+-------------------+---------------------+


+----------------------------------------------------------------------------------------------------------------------------+
; Flow Non-Default Global Settings                                                                                           ;
+--------------------------------------+--------------------------------------+---------------+-------------+----------------+
; Assignment Name                      ; Value                                ; Default Value ; Entity Name ; Section Id     ;
+--------------------------------------+--------------------------------------+---------------+-------------+----------------+
; COMPILER_SIGNATURE_ID                ; 0.155227039522566                    ; --            ; --          ; --             ;
; EDA_DESIGN_INSTANCE_NAME             ; NA                                   ; --            ; --          ; testbench2     ;
; EDA_GENERATE_FUNCTIONAL_NETLIST      ; On                                   ; --            ; --          ; eda_simulation ;
; EDA_NATIVELINK_SIMULATION_TEST_BENCH ; testbench2                           ; --            ; --          ; eda_simulation ;
; EDA_OUTPUT_DATA_FORMAT               ; Verilog Hdl                          ; --            ; --          ; eda_simulation ;
; EDA_SIMULATION_TOOL                  ; ModelSim-Altera (Verilog)            ; <None>        ; --          ; --             ;
; EDA_TEST_BENCH_ENABLE_STATUS         ; TEST_BENCH_MODE                      ; --            ; --          ; eda_simulation ;
; EDA_TEST_BENCH_FILE                  ; simulation/modelsim/register_bank.vt ; --            ; --          ; testbench2     ;
; EDA_TEST_BENCH_MODULE_NAME           ; testbench2                           ; --            ; --          ; testbench2     ;
; EDA_TEST_BENCH_NAME                  ; testbench2                           ; --            ; --          ; eda_simulation ;
; EDA_TIME_SCALE                       ; 1 ps                                 ; --            ; --          ; eda_simulation ;
; IP_TOOL_NAME                         ; LPM_ADD_SUB                          ; --            ; --          ; --             ;
; IP_TOOL_NAME                         ; LPM_DECODE                           ; --            ; --          ; --             ;
; IP_TOOL_NAME                         ; LPM_COUNTER                          ; --            ; --          ; --             ;
; IP_TOOL_NAME                         ; RAM: 2-PORT                          ; --            ; --          ; --             ;
; IP_TOOL_NAME                         ; ROM: 1-PORT                          ; --            ; --          ; --             ;
; IP_TOOL_VERSION                      ; 13.0                                 ; --            ; --          ; --             ;
; IP_TOOL_VERSION                      ; 13.0                                 ; --            ; --          ; --             ;
; IP_TOOL_VERSION                      ; 13.0                                 ; --            ; --          ; --             ;
; IP_TOOL_VERSION                      ; 13.0                                 ; --            ; --          ; --             ;
; IP_TOOL_VERSION                      ; 13.0                                 ; --            ; --          ; --             ;
; MAX_CORE_JUNCTION_TEMP               ; 85                                   ; --            ; --          ; --             ;
; MIN_CORE_JUNCTION_TEMP               ; 0                                    ; --            ; --          ; --             ;
; PARTITION_COLOR                      ; 16764057                             ; --            ; --          ; Top            ;
; PARTITION_FITTER_PRESERVATION_LEVEL  ; PLACEMENT_AND_ROUTING                ; --            ; --          ; Top            ;
; PARTITION_NETLIST_TYPE               ; SOURCE                               ; --            ; --          ; Top            ;
; PROJECT_OUTPUT_DIRECTORY             ; output_files                         ; --            ; --          ; --             ;
+--------------------------------------+--------------------------------------+---------------+-------------+----------------+


+-------------------------------------------------------------------------------------------------------------------------------+
; Flow Elapsed Time                                                                                                             ;
+---------------------------+--------------+-------------------------+---------------------+------------------------------------+
; Module Name               ; Elapsed Time ; Average Processors Used ; Peak Virtual Memory ; Total CPU Time (on all processors) ;
+---------------------------+--------------+-------------------------+---------------------+------------------------------------+
; Analysis & Synthesis      ; 00:00:02     ; 1.0                     ; 658 MB              ; 00:00:02                           ;
; Fitter                    ; 00:00:08     ; 1.0                     ; 725 MB              ; 00:00:08                           ;
; Assembler                 ; 00:00:02     ; 1.0                     ; 555 MB              ; 00:00:02                           ;
; TimeQuest Timing Analyzer ; 00:00:01     ; 1.0                     ; 506 MB              ; 00:00:01                           ;
; EDA Netlist Writer        ; 00:00:00     ; 1.0                     ; 790 MB              ; 00:00:00                           ;
; Total                     ; 00:00:13     ; --                      ; --                  ; 00:00:13                           ;
+---------------------------+--------------+-------------------------+---------------------+------------------------------------+


+---------------------------------------------------------------------------------------------+
; Flow OS Summary                                                                             ;
+---------------------------+------------------+----------------+------------+----------------+
; Module Name               ; Machine Hostname ; OS Name        ; OS Version ; Processor type ;
+---------------------------+------------------+----------------+------------+----------------+
; Analysis & Synthesis      ; luiz             ; Ubuntu 18.04.2 ; 18         ; x86_64         ;
; Fitter                    ; luiz             ; Ubuntu 18.04.2 ; 18         ; x86_64         ;
; Assembler                 ; luiz             ; Ubuntu 18.04.2 ; 18         ; x86_64         ;
; TimeQuest Timing Analyzer ; luiz             ; Ubuntu 18.04.2 ; 18         ; x86_64         ;
; EDA Netlist Writer        ; luiz             ; Ubuntu 18.04.2 ; 18         ; x86_64         ;
+---------------------------+------------------+----------------+------------+----------------+


------------
; Flow Log ;
------------
quartus_map --read_settings_files=on --write_settings_files=off processador -c processador
quartus_fit --read_settings_files=off --write_settings_files=off processador -c processador
quartus_asm --read_settings_files=off --write_settings_files=off processador -c processador
quartus_sta processador -c processador
quartus_eda --read_settings_files=off --write_settings_files=off processador -c processador



